0 info it worked if it ends with ok
1 verbose cli [ '/usr/bin/node', '/usr/bin/npm', 'run', 'webpack:dev' ]
2 info using npm@3.10.3
3 info using node@v6.6.0
4 verbose run-script [ 'prewebpack:dev', 'webpack:dev', 'postwebpack:dev' ]
5 info lifecycle driver-tracker-package@1.0.0~prewebpack:dev: driver-tracker-package@1.0.0
6 silly lifecycle driver-tracker-package@1.0.0~prewebpack:dev: no script for prewebpack:dev, continuing
7 info lifecycle driver-tracker-package@1.0.0~webpack:dev: driver-tracker-package@1.0.0
8 verbose lifecycle driver-tracker-package@1.0.0~webpack:dev: unsafe-perm in lifecycle true
9 verbose lifecycle driver-tracker-package@1.0.0~webpack:dev: PATH: /usr/lib/node_modules/npm/bin/node-gyp-bin:/home/vladlem/my_project/rails_5/driver_tracker/node_modules/.bin:/usr/bin:/home/vladlem/.rvm/gems/ruby-2.2.4/bin:/home/vladlem/.rvm/gems/ruby-2.2.4@global/bin:/home/vladlem/.rvm/rubies/ruby-2.2.4/bin:/usr/local/sbin:/usr/local/bin:/usr/sbin:/usr/bin:/sbin:/bin:/usr/games:/usr/local/games:/usr/lib/jvm/oracle_jdk8/bin:/usr/lib/jvm/oracle_jdk8/db/bin:/usr/lib/jvm/oracle_jdk8/jdk1.8.0_65/bin:/home/vladlem/bin:/usr/lib/jvm/oracle_jdk8/jdk1.8.0_65/bin:/home/vladlem/.rvm/bin:/usr/lib/jvm/oracle_jdk8/bin:/usr/lib/jvm/oracle_jdk8/db/bin:/usr/lib/jvm/oracle_jdk8/jdk1.8.0_65/bin:/home/vladlem/bin:/usr/lib/jvm/oracle_jdk8/jdk1.8.0_65/bin:/home/vladlem/.rvm/bin:/home/vladlem/.rvm/bin
10 verbose lifecycle driver-tracker-package@1.0.0~webpack:dev: CWD: /home/vladlem/my_project/rails_5/driver_tracker
11 silly lifecycle driver-tracker-package@1.0.0~webpack:dev: Args: [ '-c',
11 silly lifecycle   'webpack-dev-server --config config/webpack/development.config.js --watch --colors --progress --inline --host 0.0.0.0' ]
12 silly lifecycle driver-tracker-package@1.0.0~webpack:dev: Returned: code: 1  signal: null
13 info lifecycle driver-tracker-package@1.0.0~webpack:dev: Failed to exec webpack:dev script
14 verbose stack Error: driver-tracker-package@1.0.0 webpack:dev: `webpack-dev-server --config config/webpack/development.config.js --watch --colors --progress --inline --host 0.0.0.0`
14 verbose stack Exit status 1
14 verbose stack     at EventEmitter.<anonymous> (/usr/lib/node_modules/npm/lib/utils/lifecycle.js:242:16)
14 verbose stack     at emitTwo (events.js:106:13)
14 verbose stack     at EventEmitter.emit (events.js:191:7)
14 verbose stack     at ChildProcess.<anonymous> (/usr/lib/node_modules/npm/lib/utils/spawn.js:40:14)
14 verbose stack     at emitTwo (events.js:106:13)
14 verbose stack     at ChildProcess.emit (events.js:191:7)
14 verbose stack     at maybeClose (internal/child_process.js:877:16)
14 verbose stack     at Process.ChildProcess._handle.onexit (internal/child_process.js:226:5)
15 verbose pkgid driver-tracker-package@1.0.0
16 verbose cwd /home/vladlem/my_project/rails_5/driver_tracker
17 error Linux 3.13.0-96-generic
18 error argv "/usr/bin/node" "/usr/bin/npm" "run" "webpack:dev"
19 error node v6.6.0
20 error npm  v3.10.3
21 error code ELIFECYCLE
22 error driver-tracker-package@1.0.0 webpack:dev: `webpack-dev-server --config config/webpack/development.config.js --watch --colors --progress --inline --host 0.0.0.0`
22 error Exit status 1
23 error Failed at the driver-tracker-package@1.0.0 webpack:dev script 'webpack-dev-server --config config/webpack/development.config.js --watch --colors --progress --inline --host 0.0.0.0'.
23 error Make sure you have the latest version of node.js and npm installed.
23 error If you do, this is most likely a problem with the driver-tracker-package package,
23 error not with npm itself.
23 error Tell the author that this fails on your system:
23 error     webpack-dev-server --config config/webpack/development.config.js --watch --colors --progress --inline --host 0.0.0.0
23 error You can get information on how to open an issue for this project with:
23 error     npm bugs driver-tracker-package
23 error Or if that isn't available, you can get their info via:
23 error     npm owner ls driver-tracker-package
23 error There is likely additional logging output above.
24 verbose exit [ 1, true ]
